proguard/seeds.txt
com.example.zf_pad.BaseActivity: BaseActivity()
com.example.zf_pad.MyApplication
com.example.zf_pad.MyApplication: MyApplication()
com.example.zf_pad.MyPushMessageReceiver
com.example.zf_pad.MyPushMessageReceiver: MyPushMessageReceiver()
com.example.zf_pad.activity.AdressEdit
com.example.zf_pad.activity.AdressEdit: AdressEdit()
com.example.zf_pad.activity.ChangeEmail
com.example.zf_pad.activity.ChangeEmail: ChangeEmail()
com.example.zf_pad.activity.ChangeEmail: void onClick(android.view.View)
com.example.zf_pad.activity.ChangeEmailTwo
com.example.zf_pad.activity.ChangeEmailTwo: ChangeEmailTwo()
com.example.zf_pad.activity.ChangeEmailTwo: void onClick(android.view.View)
com.example.zf_pad.activity.ChangePhone
com.example.zf_pad.activity.ChangePhone: ChangePhone()
com.example.zf_pad.activity.ChangePhone: void onClick(android.view.View)
com.example.zf_pad.activity.ChangePhoneTwo
com.example.zf_pad.activity.ChangePhoneTwo: ChangePhoneTwo()
com.example.zf_pad.activity.ChangePhoneTwo: void onClick(android.view.View)
com.example.zf_pad.activity.Comment
com.example.zf_pad.activity.Comment: Comment()
com.example.zf_pad.activity.ConfirmOrder
com.example.zf_pad.activity.ConfirmOrder: ConfirmOrder()
com.example.zf_pad.activity.ConfirmOrder: void onClick(android.view.View)
com.example.zf_pad.activity.ContactUs
com.example.zf_pad.activity.ContactUs: ContactUs()
com.example.zf_pad.activity.CreatMerchant
com.example.zf_pad.activity.CreatMerchant: CreatMerchant()
com.example.zf_pad.activity.CreatMerchant: void onClick(android.view.View)
com.example.zf_pad.activity.EditMerchant
com.example.zf_pad.activity.EditMerchant: EditMerchant()
com.example.zf_pad.activity.EditMerchant: void onClick(android.view.View)
com.example.zf_pad.activity.Exchange
com.example.zf_pad.activity.Exchange: Exchange()
com.example.zf_pad.activity.Exchange: void onClick(android.view.View)
com.example.zf_pad.activity.FianceActivity
com.example.zf_pad.activity.FianceActivity: FianceActivity()
com.example.zf_pad.activity.FindPass
com.example.zf_pad.activity.FindPass: FindPass()
com.example.zf_pad.activity.FindPass: void onClick(android.view.View)
com.example.zf_pad.activity.FindpassmailSucces
com.example.zf_pad.activity.FindpassmailSucces: FindpassmailSucces()
com.example.zf_pad.activity.GoodConfirm
com.example.zf_pad.activity.GoodConfirm: GoodConfirm()
com.example.zf_pad.activity.GoodConfirm: void onClick(android.view.View)
com.example.zf_pad.activity.GoodDeatail
com.example.zf_pad.activity.GoodDeatail: GoodDeatail()
com.example.zf_pad.activity.GoodDeatail: void onClick(android.view.View)
com.example.zf_pad.activity.GoodDeatilMore
com.example.zf_pad.activity.GoodDeatilMore: GoodDeatilMore()
com.example.zf_pad.activity.GoodDeatilMore: void onClick(android.view.View)
com.example.zf_pad.activity.GoodDetailImgs
com.example.zf_pad.activity.GoodDetailImgs: GoodDetailImgs()
com.example.zf_pad.activity.LeaseConfirm
com.example.zf_pad.activity.LeaseConfirm: LeaseConfirm()
com.example.zf_pad.activity.LeaseConfirm: void onClick(android.view.View)
com.example.zf_pad.activity.LoanActivity
com.example.zf_pad.activity.LoanActivity: LoanActivity()
com.example.zf_pad.activity.LoginActivity
com.example.zf_pad.activity.LoginActivity: LoginActivity()
com.example.zf_pad.activity.LoginActivity: void onClick(android.view.View)
com.example.zf_pad.activity.MainActivity
com.example.zf_pad.activity.MainActivity: MainActivity()
com.example.zf_pad.activity.MainActivity: void onClick(android.view.View)
com.example.zf_pad.activity.MyWebView
com.example.zf_pad.activity.MyWebView: MyWebView()
com.example.zf_pad.activity.MymsgDetail
com.example.zf_pad.activity.MymsgDetail: MymsgDetail()
com.example.zf_pad.activity.OrderDetail
com.example.zf_pad.activity.OrderDetail: OrderDetail()
com.example.zf_pad.activity.OrderDetail: void onClick(android.view.View)
...
com.baidu.android.pushservice.PushManager
com.baidu.android.pushservice.PushManager: java.lang.String a
com.baidu.android.pushservice.PushManager: PushManager()
com.baidu.android.pushservice.PushManager: void init(android.content.Context,java.lang.String,java.lang.String)
com.baidu.android.pushservice.PushManager: void init(android.content.Context,java.lang.String)
com.baidu.android.pushservice.PushManager: void initFromAKSK(android.content.Context,java.lang.String)
com.baidu.android.pushservice.PushManager: void startWork(android.content.Context,java.lang.String,java.lang.String)
com.baidu.android.pushservice.PushManager: void startWork(android.content.Context,int,java.lang.String)
com.baidu.android.pushservice.PushManager: void sdkStartWork(android.content.Context,java.lang.String,int)
com.baidu.android.pushservice.PushManager: void sdkUnbind(android.content.Context,java.lang.String)
com.baidu.android.pushservice.PushManager: void setSDKTags(android.content.Context,java.lang.String,java.util.List)
com.baidu.android.pushservice.PushManager: void setLappTags(android.content.Context,java.lang.String,java.util.List)
com.baidu.android.pushservice.PushManager: void stopWork(android.content.Context)
com.baidu.android.pushservice.PushManager: void resumeWork(android.content.Context)
com.baidu.android.pushservice.PushManager: boolean isPushEnabled(android.content.Context)
com.baidu.android.pushservice.PushManager: void activityStarted(android.app.Activity)
com.baidu.android.pushservice.PushManager$1
com.baidu.android.pushservice.PushManager$1: android.content.Context a
com.baidu.android.pushservice.PushManager$1: java.lang.String b
com.baidu.android.pushservice.PushManager$1: java.lang.String c
com.baidu.android.pushservice.PushManager$1: PushManager$1(android.content.Context,java.lang.String,java.lang.String)
com.baidu.android.pushservice.PushManager$1: void run()
com.baidu.android.pushservice.PushManager$10
com.baidu.android.pushservice.PushManager$10: android.content.Context a
com.baidu.android.pushservice.PushManager$10: PushManager$10(android.content.Context)
com.baidu.android.pushservice.PushManager$10: void run()
com.baidu.android.pushservice.PushManager$11
com.baidu.android.pushservice.PushManager$11: android.content.Context a
com.baidu.android.pushservice.PushManager$11: int b
com.baidu.android.pushservice.PushManager$11: int c
com.baidu.android.pushservice.PushManager$11: PushManager$11(android.content.Context,int,int)
com.baidu.android.pushservice.PushManager$11: void run()
com.baidu.android.pushservice.PushManager$12
com.baidu.android.pushservice.PushManager$12: android.content.Context a
com.baidu.android.pushservice.PushManager$12: java.lang.String b
com.baidu.android.pushservice.PushManager$12: PushManager$12(android.content.Context,java.lang.String)
com.baidu.android.pushservice.PushManager$12: void run()
com.baidu.android.pushservice.PushManager$13
com.baidu.android.pushservice.PushManager$13: android.content.Context a
com.baidu.android.pushservice.PushManager$13: PushManager$13(android.content.Context)
com.baidu.android.pushservice.PushManager$13: void run()
com.baidu.android.pushservice.PushManager$14
com.baidu.android.pushservice.PushManager$14: android.content.Context a
com.baidu.android.pushservice.PushManager$14: java.lang.String[] b
com.baidu.android.pushservice.PushManager$14: PushManager$14(android.content.Context,java.lang.String[])
com.baidu.android.pushservice.PushManager$14: void run()