proguard/mapping.txt
com.example.zf_pad.BaseActivity -> com.example.zf_pad.a:
    android.content.Context mContext -> a
    void onCreate(android.os.Bundle) -> onCreate
    void onDestroy() -> onDestroy
    void onResume() -> onResume
    void onPause() -> onPause
    java.lang.String getDeviceInfo(android.content.Context) -> a
com.example.zf_pad.Config -> com.example.zf_pad.b:
    int countShopCar -> a
    java.lang.String checkVersion -> b
    int ROWS -> c
    java.lang.String token -> d
    java.lang.Boolean shopcar -> e
    java.lang.Boolean AderssManger -> f
    java.lang.Boolean AderssMangerBACK -> g
    java.lang.String INDEXIMG -> h
    java.lang.String getmes -> i
    java.lang.String MSGEDLONE -> j
    java.lang.String MSGEDLALL -> k
    java.lang.String MSGREAD -> l
    int GOODID -> m
    int UserID -> n
    boolean iszd -> o
    java.lang.String FINDPASS -> p
    java.lang.String goodcomment -> q
    com.example.zf_pad.entity.GoodinfoEntity gfe -> r
    java.util.ArrayList celist -> s
    java.util.ArrayList celist2 -> t
    java.util.ArrayList tDates -> u
    java.util.ArrayList other_rate -> v
    java.util.List pub -> w
    java.util.List single -> x
    java.util.List myList -> y
    java.util.List list -> z
    int ScreenWidth -> A
    int ScreenHeight -> B
    java.lang.String suportare -> C
    java.lang.String suportcl -> D
    java.lang.String tv_sqkt -> E
    int goodId -> F
    int gid -> G
    int GoodComment -> H
    java.lang.String CITY -> I
    boolean iszl -> J
    boolean isFRIST -> K
    boolean isExit -> L
    boolean isNew -> M
    boolean support_type -> N
    int cityId -> O
    int MyTab -> P
    java.util.List son -> Q
    com.example.zf_pad.entity.PortSon myson -> R
    int portindex -> S
    int lx -> T
com.example.zf_pad.MyApplication -> com.example.zf_pad.MyApplication:
    android.widget.TextView mLocationResult -> a
    com.example.zf_pad.MyApplication mInstance -> j
    com.baidu.location.LocationClient mLocationClient -> b
    com.baidu.location.GeofenceClient mGeofenceClient -> c
    com.example.zf_pad.MyApplication$MyLocationListener mMyLocationListener -> d
    android.os.Vibrator mVibrator -> e
    java.lang.Boolean isLogin -> f
    java.lang.String versionCode -> k
    int notifyId -> l
    java.lang.Boolean isSelect -> m
    int CITYID -> n
    java.util.List mCities -> o
    java.util.List comfirmList -> g
    java.lang.String token -> p
    com.loopj.android.http.AsyncHttpClient client -> h
    java.util.List mList -> q
    com.example.zf_pad.entity.UserEntity NewUser -> i
    android.content.SharedPreferences mySharedPreferences -> r
    boolean hasOrderPaid -> s
    java.util.ArrayList historyList -> t
    int getCITYID() -> a
    void setCITYID(int) -> a
    java.util.List getComfirmList() -> b
    com.loopj.android.http.AsyncHttpClient getClient() -> c
    void addActivity(android.app.Activity) -> a
    void onCreate() -> onCreate
    com.example.zf_pad.MyApplication getInstance() -> d
    void logMsg(java.lang.String) -> a
    void hideSoftKeyboard(android.app.Activity) -> b
    com.nostra13.universalimageloader.core.DisplayImageOptions getDisplayOption() -> e
    void initImageLoader(android.content.Context) -> a
com.example.zf_pad.MyApplication$MyLocationListener -> com.example.zf_pad.c:
    com.example.zf_pad.MyApplication this$0 -> a
    void onReceiveLocation(com.baidu.location.BDLocation) -> onReceiveLocation
...
cn.trinea.android.common.R$string -> cn.trinea.android.common.R$string:
    int drop_down_list_footer_default_text -> drop_down_list_footer_default_text
    int drop_down_list_footer_loading_text -> drop_down_list_footer_loading_text
    int drop_down_list_footer_no_more_text -> drop_down_list_footer_no_more_text
    int drop_down_list_header_default_text -> drop_down_list_header_default_text
    int drop_down_list_header_loading_text -> drop_down_list_header_loading_text
    int drop_down_list_header_pull_text -> drop_down_list_header_pull_text
    int drop_down_list_header_release_text -> drop_down_list_header_release_text
    int image_content -> image_content
cn.trinea.android.common.R$style -> cn.trinea.android.common.R$style:
    int drop_down_list_footer_font_style -> drop_down_list_footer_font_style
    int drop_down_list_footer_progress_bar_style -> drop_down_list_footer_progress_bar_style
    int drop_down_list_header_font_style -> drop_down_list_header_font_style
    int drop_down_list_header_progress_bar_style -> drop_down_list_header_progress_bar_style
    int drop_down_list_header_second_font_style -> drop_down_list_header_second_font_style
cn.trinea.android.common.R$styleable -> cn.trinea.android.common.R$styleable:
    int[] drop_down_list_attr -> drop_down_list_attr
    int drop_down_list_attr_isAutoLoadOnBottom -> drop_down_list_attr_isAutoLoadOnBottom
    int drop_down_list_attr_isDropDownStyle -> drop_down_list_attr_isDropDownStyle
    int drop_down_list_attr_isOnBottomStyle -> drop_down_list_attr_isOnBottomStyle
cn.trinea.android.common.constant.DbConstants -> cn.trinea.android.common.constant.DbConstants:
    java.lang.String DB_NAME -> DB_NAME
    int DB_VERSION -> DB_VERSION
    java.lang.String TERMINATOR -> TERMINATOR
    java.lang.StringBuffer CREATE_IMAGE_SDCARD_CACHE_TABLE_SQL -> CREATE_IMAGE_SDCARD_CACHE_TABLE_SQL
    java.lang.StringBuffer CREATE_IMAGE_SDCARD_CACHE_TABLE_INDEX_SQL -> CREATE_IMAGE_SDCARD_CACHE_TABLE_INDEX_SQL
    java.lang.String IMAGE_SDCARD_CACHE_TABLE_TABLE_NAME -> IMAGE_SDCARD_CACHE_TABLE_TABLE_NAME
    java.lang.String IMAGE_SDCARD_CACHE_TABLE_ID -> IMAGE_SDCARD_CACHE_TABLE_ID
    java.lang.String IMAGE_SDCARD_CACHE_TABLE_TAG -> IMAGE_SDCARD_CACHE_TABLE_TAG
    java.lang.String IMAGE_SDCARD_CACHE_TABLE_URL -> IMAGE_SDCARD_CACHE_TABLE_URL
    java.lang.String IMAGE_SDCARD_CACHE_TABLE_PATH -> IMAGE_SDCARD_CACHE_TABLE_PATH
    java.lang.String IMAGE_SDCARD_CACHE_TABLE_ENTER_TIME -> IMAGE_SDCARD_CACHE_TABLE_ENTER_TIME
    java.lang.String IMAGE_SDCARD_CACHE_TABLE_LAST_USED_TIME -> IMAGE_SDCARD_CACHE_TABLE_LAST_USED_TIME
    java.lang.String IMAGE_SDCARD_CACHE_TABLE_USED_COUNT -> IMAGE_SDCARD_CACHE_TABLE_USED_COUNT
    java.lang.String IMAGE_SDCARD_CACHE_TABLE_PRIORITY -> IMAGE_SDCARD_CACHE_TABLE_PRIORITY
    java.lang.String IMAGE_SDCARD_CACHE_TABLE_IS_EXPIRED -> IMAGE_SDCARD_CACHE_TABLE_IS_EXPIRED
    java.lang.String IMAGE_SDCARD_CACHE_TABLE_IS_FOREVER -> IMAGE_SDCARD_CACHE_TABLE_IS_FOREVER
cn.trinea.android.common.constant.HttpConstants -> cn.trinea.android.common.constant.HttpConstants:
    java.lang.String EXPIRES -> EXPIRES
    java.lang.String CACHE_CONTROL -> CACHE_CONTROL
cn.trinea.android.common.dao.HttpCacheDao -> cn.trinea.android.common.dao.HttpCacheDao:
    long insertHttpResponse(cn.trinea.android.common.entity.HttpResponse) -> insertHttpResponse
    cn.trinea.android.common.entity.HttpResponse getHttpResponse(java.lang.String) -> getHttpResponse
    java.util.Map getHttpResponsesByType(int) -> getHttpResponsesByType
    int deleteAllHttpResponse() -> deleteAllHttpResponse