proguard/usage.txt
com.example.zf_pad.CancleUpdate
com.example.zf_pad.Config:
    public static final java.lang.String PATHS
    public static final java.lang.String VIDEO_SERVER_IP
    public static final int VIDEO_SERVER_PORT
    public static final java.lang.String URL_NOTICE_VIDEO
    public static final java.lang.String PARTNER
    public static final java.lang.String SELLER
    public static final java.lang.String RSA_PRIVATE
    public static final java.lang.String RSA_PUBLIC
    public static final java.lang.String NOTIFT_URL
    public static final java.lang.String REPAIR_NOTIFT_URL
    public static final java.lang.String RETURN_URL
    public static final java.lang.String GOODPICLIST
    public static final java.lang.String IMAGE_PATH
    public static final java.lang.String LOGIN
    public static final java.lang.String UserRegistration
    public static final java.lang.String SHARED
    public static final java.lang.String RegistgetCode
    public static final java.lang.String GRTONE
    public static final java.lang.String getMSGById
    public static final java.lang.String Car_edit
    public static final int CODE
    public static final java.lang.String getMyOrderAll
    public static final java.lang.String batchRead
    public static final java.lang.String GOODDETAIL
    public static final java.lang.String SYSMSGLIST
    public static final java.lang.String SYSMSGDT
    public static final java.lang.String POSLIST
    public static final java.lang.String Comment
com.example.zf_pad.MyApplication:
    public android.widget.TextView logMsg
    68:68:public static java.lang.Boolean getIsSelect()
    71:72:public static void setIsSelect(java.lang.Boolean)
    74:74:public static int getNotifyId()
    77:78:public static void setNotifyId(int)
    80:80:public static java.lang.String getVersionCode()
    83:84:public static void setVersionCode(java.lang.String)
    93:94:public static void setComfirmList(java.util.List)
    105:106:public void setClient(com.loopj.android.http.AsyncHttpClient)
    108:108:public static java.lang.String getToken()
    111:112:public static void setToken(java.lang.String)
    128:136:public void exit()
    292:292:public boolean isHasOrderPaid()
    305:306:public void setHistoryList(java.util.ArrayList)
com.example.zf_pad.Posport:
    3:3:public Posport()
com.example.zf_pad.Utils:
    public static final java.lang.String TAG
    public static final java.lang.String RESPONSE_METHOD
    public static final java.lang.String RESPONSE_CONTENT
    public static final java.lang.String RESPONSE_ERRCODE
    protected static final java.lang.String ACTION_LOGIN
    public static final java.lang.String ACTION_MESSAGE
    public static final java.lang.String ACTION_RESPONSE
    public static final java.lang.String ACTION_SHOW_MESSAGE
    protected static final java.lang.String EXTRA_ACCESS_TOKEN
    public static final java.lang.String EXTRA_MESSAGE
    15:15:public Utils()
    55:60:public static boolean hasBind(android.content.Context)
    76:91:public static java.util.List getTagsList(java.lang.String)
    96:97:public static java.lang.String getLogText(android.content.Context)
    102:106:public static void setLogText(android.content.Context,java.lang.String)
com.example.zf_pad.Welcome
com.example.zf_pad.aadpter.AddressManagerAdapter:
    public static android.os.Handler myHandler
com.example.zf_pad.aadpter.AppleNeedAdapter
com.example.zf_pad.aadpter.AppleNeedAdapter$ViewHolder
com.example.zf_pad.aadpter.ButtonGridviewAdapter:
    24:24:public int getIndex()
com.example.zf_pad.aadpter.ButtonGridviewAdapter$ViewHolder:
    public android.widget.TextView ys
    public android.widget.TextView tv_price
    public android.widget.TextView content1
    public android.widget.TextView tv_td
    public android.widget.CheckBox item_cb
    public android.widget.ImageView img_type
...
com.unionpay.mobile.android.widgets.aq$a
com.unionpay.mobile.android.widgets.b
com.unionpay.mobile.android.widgets.c
com.unionpay.mobile.android.widgets.c$a
com.unionpay.mobile.android.widgets.d
com.unionpay.mobile.android.widgets.e
com.unionpay.mobile.android.widgets.f
com.unionpay.mobile.android.widgets.g
com.unionpay.mobile.android.widgets.h
com.unionpay.mobile.android.widgets.i
com.unionpay.mobile.android.widgets.i$a
com.unionpay.mobile.android.widgets.j
com.unionpay.mobile.android.widgets.k
com.unionpay.mobile.android.widgets.l
com.unionpay.mobile.android.widgets.m
com.unionpay.mobile.android.widgets.m$a
com.unionpay.mobile.android.widgets.m$b
com.unionpay.mobile.android.widgets.n
com.unionpay.mobile.android.widgets.o
com.unionpay.mobile.android.widgets.p
com.unionpay.mobile.android.widgets.q
com.unionpay.mobile.android.widgets.r
com.unionpay.mobile.android.widgets.s
com.unionpay.mobile.android.widgets.s$a
com.unionpay.mobile.android.widgets.t
com.unionpay.mobile.android.widgets.u
com.unionpay.mobile.android.widgets.v
com.unionpay.mobile.android.widgets.w
com.unionpay.mobile.android.widgets.x
com.unionpay.mobile.android.widgets.x$a
com.unionpay.mobile.android.widgets.y
com.unionpay.mobile.android.widgets.z
com.unionpay.mobile.android.widgets.z$a
com.unionpay.uppay.PayActivity
com.unionpay.uppayplugin.demo.BaseActivity:
    public static final java.lang.String LOG_TAG
    public static final int PLUGIN_VALID
    public static final int PLUGIN_NOT_INSTALLED
    public static final int PLUGIN_NEED_UPGRADE
    236:236:int startpay(android.app.Activity,java.lang.String,int)
com.ut.device.UTDevice
u.aly.a:
    80:81:public void a(u.aly.ay)
u.aly.aa:
    private static final java.lang.String h
    private static final java.lang.String i
    private static final java.lang.String j
    private static final java.lang.String k
    private static final java.lang.String l
    private static final java.lang.String m
    53:53:public int e()
u.aly.ac:
    private static final java.lang.String a
    private static final java.lang.String b
    21:21:public ac()
u.aly.ad:
    private static final java.lang.String a
u.aly.ae
u.aly.af
u.aly.ag:
    26:28:public ag(java.lang.String)
    36:37:public u.aly.ag a(boolean)
u.aly.ah
u.aly.ai:
    17:19:public ai(org.json.JSONArray)
u.aly.ak:
    private static final int a
    private static final int b
    private static final int c
    private static final int d
    private static final long e
    private static final long f
    private static final long g
    73:73:public long b()
u.aly.am:
    private static final int f
    129:132:public am(u.aly.am)
    135:135:public u.aly.am a()
    140:142:public void b()
    145:145:public long c()
    149:151:public u.aly.am a(long)
    155:156:public void d()
    168:168:public u.aly.am$e a(int)
    199:203:private void a(java.io.ObjectOutputStream)
    208:213:private void a(java.io.ObjectInputStream)
    32:32:public synthetic u.aly.ch g()
    32:32:public synthetic u.aly.co b(int)
u.aly.am$e:
    61:65:public static u.aly.am$e a(int)
    74:76:public static u.aly.am$e b(int)
    83:83:public static u.aly.am$e a(java.lang.String)
u.aly.an:
    134:141:public an(u.aly.an)
    144:144:public u.aly.an a()
    149:151:public void b()
    154:154:public java.lang.String c()
    158:159:public u.aly.an a(java.lang.String)
    163:164:public void d()
    168:168:public boolean e()
    178:178:public java.lang.String f()
    182:183:public u.aly.an b(java.lang.String)
    187:188:public void h()
    192:192:public boolean i()
    202:202:public u.aly.an$e a(int)
    250:254:private void a(java.io.ObjectOutputStream)
    258:262:private void a(java.io.ObjectInputStream)
    31:31:public synthetic u.aly.ch g()
    31:31:public synthetic u.aly.co b(int)